<?xml version="1.0" encoding="UTF-8"?>
<!-- Generated by org.testng.reporters.JUnitXMLReporter -->
<testsuite ignored="0" hostname="DESKTOP-60NV4UB" failures="0" tests="10" name="Default test" time="0.255" errors="0" timestamp="2023-04-22T17:42:31 IST">
  <testcase classname="CrossBrowserDemo.CrossBrowser1" name="@BeforeTest Launchbrowser" time="-1.682165551029E9">
    <failure type="org.testng.TestNGException" message="
Parameter &amp;apos;browser&amp;apos; is required by BeforeTest on method Launchbrowser but has not been marked @Optional or defined
in C:\Users\user\AppData\Local\Temp\testng-eclipse--157972290\testng-customsuite.xml">
      <![CDATA[org.testng.TestNGException: 
Parameter 'browser' is required by BeforeTest on method Launchbrowser but has not been marked @Optional or defined
in C:\Users\user\AppData\Local\Temp\testng-eclipse--157972290\testng-customsuite.xml
at org.testng.internal.Parameters.createParams(Parameters.java:270)
at org.testng.internal.Parameters.createParametersForMethod(Parameters.java:358)
at org.testng.internal.Parameters.createParameters(Parameters.java:700)
at org.testng.internal.Parameters.createConfigurationParameters(Parameters.java:168)
at org.testng.internal.ConfigInvoker.invokeConfigurations(ConfigInvoker.java:302)
at org.testng.TestRunner.invokeTestConfigurations(TestRunner.java:637)
at org.testng.TestRunner.beforeRun(TestRunner.java:627)
at org.testng.TestRunner.run(TestRunner.java:589)
at org.testng.SuiteRunner.runTest(SuiteRunner.java:377)
at org.testng.SuiteRunner.runSequentially(SuiteRunner.java:371)
at org.testng.SuiteRunner.privateRun(SuiteRunner.java:332)
at org.testng.SuiteRunner.run(SuiteRunner.java:276)
at org.testng.SuiteRunnerWorker.runSuite(SuiteRunnerWorker.java:53)
at org.testng.SuiteRunnerWorker.run(SuiteRunnerWorker.java:96)
at org.testng.TestNG.runSuitesSequentially(TestNG.java:1212)
at org.testng.TestNG.runSuitesLocally(TestNG.java:1134)
at org.testng.TestNG.runSuites(TestNG.java:1063)
at org.testng.TestNG.run(TestNG.java:1031)
at org.testng.remote.AbstractRemoteTestNG.run(AbstractRemoteTestNG.java:115)
at org.testng.remote.RemoteTestNG.initAndRun(RemoteTestNG.java:251)
at org.testng.remote.RemoteTestNG.main(RemoteTestNG.java:77)
]]>
    </failure>
  </testcase> <!-- @BeforeTest Launchbrowser -->
  <testcase classname="ExtenedreportDemo.Extenedreport01" name="@BeforeTest createReport" time="-1.682165551051E9">
    <skipped/>
  </testcase> <!-- @BeforeTest createReport -->
  <testcase classname="isuitListenerdemo.Testpack1" name="@BeforeTest beforetest" time="-1.682165551057E9">
    <skipped/>
  </testcase> <!-- @BeforeTest beforetest -->
  <testcase classname="isuitListenerdemo.Testpack2" name="@BeforeTest beforetest" time="-1.682165551059E9">
    <skipped/>
  </testcase> <!-- @BeforeTest beforetest -->
  <testcase classname="ExtenedreportDemo.Extenedreport01" name="@AfterMethod getTestResult" time="-1.682165551162E9">
    <skipped/>
  </testcase> <!-- @AfterMethod getTestResult -->
  <testcase classname="ExtenedreportDemo.Extenedreport01" name="@AfterMethod getTestResult" time="-1.68216555117E9">
    <skipped/>
  </testcase> <!-- @AfterMethod getTestResult -->
  <testcase classname="ExtenedreportDemo.Extenedreport01" name="@AfterMethod getTestResult" time="-1.682165551182E9">
    <skipped/>
  </testcase> <!-- @AfterMethod getTestResult -->
  <testcase classname="ExtenedreportDemo.Extenedreport01" name="@AfterMethod getTestResult" time="-1.682165551199E9">
    <skipped/>
  </testcase> <!-- @AfterMethod getTestResult -->
  <testcase classname="ExtenedreportDemo.Extenedreport01" name="@AfterMethod getTestResult" time="-1.682165551218E9">
    <skipped/>
  </testcase> <!-- @AfterMethod getTestResult -->
  <testcase classname="CrossBrowserDemo.CrossBrowser1" name="@AfterTest closebrowser" time="-1.682165551249E9">
    <skipped/>
  </testcase> <!-- @AfterTest closebrowser -->
  <testcase classname="ExtenedreportDemo.Extenedreport01" name="@AfterTest teardown" time="-1.68216555126E9">
    <skipped/>
  </testcase> <!-- @AfterTest teardown -->
  <testcase classname="isuitListenerdemo.Testpack1" name="@AfterTest aftertest" time="-1.682165551267E9">
    <skipped/>
  </testcase> <!-- @AfterTest aftertest -->
  <testcase classname="isuitListenerdemo.Testpack2" name="@AfterTest aftertest" time="-1.682165551268E9">
    <skipped/>
  </testcase> <!-- @AfterTest aftertest -->
  <testcase classname="Dataprovider.dataproviderdemo" name="testMethod" time="0.0">
    <skipped/>
  </testcase> <!-- testMethod -->
  <testcase classname="Dataprovider.dataproviderdemo" name="testMethod" time="0.0">
    <skipped/>
  </testcase> <!-- testMethod -->
  <testcase classname="ExtenedreportDemo.Extenedreport01" name="Launchbrowserandopenurl" time="0.0">
    <skipped/>
  </testcase> <!-- Launchbrowserandopenurl -->
  <testcase classname="ExtenedreportDemo.Extenedreport01" name="VeryfyEmail" time="0.0">
    <skipped/>
  </testcase> <!-- VeryfyEmail -->
  <testcase classname="ExtenedreportDemo.Extenedreport01" name="VeryfyLogo" time="0.0">
    <skipped/>
  </testcase> <!-- VeryfyLogo -->
  <testcase classname="ExtenedreportDemo.Extenedreport01" name="VeryfyTitle" time="0.0">
    <skipped/>
  </testcase> <!-- VeryfyTitle -->
  <testcase classname="ExtenedreportDemo.Extenedreport01" name="VeryfyUserName" time="0.0">
    <skipped/>
  </testcase> <!-- VeryfyUserName -->
  <testcase classname="isuitListenerdemo.Testpack2" name="Test_Pack" time="0.0">
    <skipped/>
  </testcase> <!-- Test_Pack -->
  <testcase classname="CrossBrowserDemo.CrossBrowser1" name="VeryfyTitle" time="0.0">
    <skipped/>
  </testcase> <!-- VeryfyTitle -->
  <testcase classname="isuitListenerdemo.Testpack1" name="Test_Pack" time="0.0">
    <skipped/>
  </testcase> <!-- Test_Pack -->
</testsuite> <!-- Default test -->
