<?xml version="1.0" encoding="UTF-8"?>
<!-- Generated by org.testng.reporters.JUnitXMLReporter -->
<testsuite ignored="1" hostname="DESKTOP-60NV4UB" failures="1" tests="1" name="Test" time="33.133" errors="0" timestamp="2023-03-29T05:29:23 IST">
  <testcase classname="Maven_TestNG.Maven_TestNG.TestCase1" name="testcase1" time="7.014">
    <failure type="java.lang.AssertionError" message="expected [About Selenium | Seleniu] but found [About Selenium | Selenium]">
      <![CDATA[java.lang.AssertionError: expected [About Selenium | Seleniu] but found [About Selenium | Selenium]
at Maven_TestNG.Maven_TestNG.TestCase1.testcase1(TestCase1.java:28)
at java.base/java.util.ArrayList.forEach(ArrayList.java:1511)
... Removed 33 stack frames]]>
    </failure>
  </testcase> <!-- testcase1 -->
  <testcase classname="Maven_TestNG.Maven_TestNG.TestCase1" name="testcase2" time="0.0">
    <ignored/>
  </testcase> <!-- testcase2 -->
</testsuite> <!-- Test -->
